<?xml version="1.0" encoding="UTF-8"?>
<testsuite name="CorrecterTest" tests="1" skipped="0" failures="0" errors="0" timestamp="2024-05-05T08:45:27" hostname="DT-TIPSYBUG" time="1.84">
  <properties/>
  <testcase name="start" classname="CorrecterTest" time="1.84"/>
  <system-out><![CDATA[?[1;31m
Start test 1?[0m
Write a mode: > encode

send.txt:
text view: Eat more of these french buns!
hex view: 45 61 74 20 6D 6F 72 65 20 6F 66 20 74 68 65 73 65 20 66 72 65 6E 63 68 20 62 75 6E 73 21
bin view: 01000101 01100001 01110100 00100000 01101101 01101111 01110010 01100101 00100000 01101111 01100110 00100000 01110100 01101000 01100101 01110011 01100101 00100000 01100110 01110010 01100101 01101110 01100011 01101000 00100000 01100010 01110101 01101110 01110011 00100001

encoded.txt:
expand: ..0.100. ..0.101. ..0.110. ..0.001. ..0.111. ..0.100. ..0.010. ..0.000. ..0.110. ..1.101. ..0.110. ..1.111. ..0.111. ..0.010. ..0.110. ..0.101. ..0.010. ..0.000. ..0.110. ..1.111. ..0.110. ..0.110. ..0.010. ..0.000. ..0.111. ..0.100. ..0.110. ..1.000. ..0.110. ..0.101. ..0.111. ..0.011. ..0.110. ..0.101. ..0.010. ..0.000. ..0.110. ..0.110. ..0.111. ..0.010. ..0.110. ..0.101. ..0.110. ..1.110. ..0.110. ..0.011. ..0.110. ..1.000. ..0.010. ..0.000. ..0.110. ..0.010. ..0.111. ..0.101. ..0.110. ..1.110. ..0.111. ..0.011. ..0.010. ..0.001.
parity: 10011000 01001010 11001100 11010010 00011110 10011000 01010100 00000000 11001100 10101010 11001100 11111110 00011110 01010100 11001100 01001010 01010100 00000000 11001100 11111110 11001100 11001100 01010100 00000000 00011110 10011000 11001100 11100000 11001100 01001010 00011110 10000110 11001100 01001010 01010100 00000000 11001100 11001100 00011110 01010100 11001100 01001010 11001100 00101100 11001100 10000110 11001100 11100000 01010100 00000000 11001100 01010100 00011110 01001010 11001100 00101100 00011110 10000110 01010100 11010010
hex view: 98 4A CC D2 1E 98 54 00 CC AA CC FE 1E 54 CC 4A 54 00 CC FE CC CC 54 00 1E 98 CC E0 CC 4A 1E 86 CC 4A 54 00 CC CC 1E 54 CC 4A CC 2C CC 86 CC E0 54 00 CC 54 1E 4A CC 2C 1E 86 54 D2
?[1;31m
Start test 2?[0m
Write a mode: > send

encoded.txt:
hex view: 98 4A CC D2 1E 98 54 00 CC AA CC FE 1E 54 CC 4A 54 00 CC FE CC CC 54 00 1E 98 CC E0 CC 4A 1E 86 CC 4A 54 00 CC CC 1E 54 CC 4A CC 2C CC 86 CC E0 54 00 CC 54 1E 4A CC 2C 1E 86 54 D2
bin view: 10011000 01001010 11001100 11010010 00011110 10011000 01010100 00000000 11001100 10101010 11001100 11111110 00011110 01010100 11001100 01001010 01010100 00000000 11001100 11111110 11001100 11001100 01010100 00000000 00011110 10011000 11001100 11100000 11001100 01001010 00011110 10000110 11001100 01001010 01010100 00000000 11001100 11001100 00011110 01010100 11001100 01001010 11001100 00101100 11001100 10000110 11001100 11100000 01010100 00000000 11001100 01010100 00011110 01001010 11001100 00101100 00011110 10000110 01010100 11010010

received.txt:
bin view: 10011001 00001010 01001100 01010010 00011111 10011001 00010100 10000000 11000100 00101010 11001110 11011110 01011110 01011100 10001100 01000010 01010000 00000010 11101100 10111110 11000100 01001100 01010101 00100000 00001110 00011000 11101100 11101000 11001101 01001110 00001110 10100110 11011100 01101010 00010100 00100000 11001101 11000100 00011100 01010101 11000100 00001010 11101100 01101100 01001100 10000010 11000100 11101000 01000100 00000010 11000100 11010100 10011110 01001000 11000100 00101110 00011010 10000100 01010110 11010011
hex view: 99 0A 4C 52 1F 99 14 80 C4 2A CE DE 5E 5C 8C 42 50 02 EC BE C4 4C 55 20 0E 18 EC E8 CD 4E 0E A6 DC 6A 14 20 CD C4 1C 55 C4 0A EC 6C 4C 82 C4 E8 44 02 C4 D4 9E 48 C4 2E 1A 84 56 D3
?[1;31m
Start test 3?[0m
Write a mode: > decode

received.txt:
hex view: 99 0A 4C 52 1F 99 14 80 C4 2A CE DE 5E 5C 8C 42 50 02 EC BE C4 4C 55 20 0E 18 EC E8 CD 4E 0E A6 DC 6A 14 20 CD C4 1C 55 C4 0A EC 6C 4C 82 C4 E8 44 02 C4 D4 9E 48 C4 2E 1A 84 56 D3
bin view: 10011001 00001010 01001100 01010010 00011111 10011001 00010100 10000000 11000100 00101010 11001110 11011110 01011110 01011100 10001100 01000010 01010000 00000010 11101100 10111110 11000100 01001100 01010101 00100000 00001110 00011000 11101100 11101000 11001101 01001110 00001110 10100110 11011100 01101010 00010100 00100000 11001101 11000100 00011100 01010101 11000100 00001010 11101100 01101100 01001100 10000010 11000100 11101000 01000100 00000010 11000100 11010100 10011110 01001000 11000100 00101110 00011010 10000100 01010110 11010011

decoded.txt:
correct: 10011000 01001010 11001100 11010010 00011110 10011000 01010100 00000000 11001100 10101010 11001100 11111110 00011110 01010100 11001100 01001010 01010100 00000000 11001100 11111110 11001100 11001100 01010100 00000000 00011110 10011000 11001100 11100000 11001100 01001010 00011110 10000110 11001100 01001010 01010100 00000000 11001100 11001100 00011110 01010100 11001100 01001010 11001100 00101100 11001100 10000110 11001100 11100000 01010100 00000000 11001100 01010100 00011110 01001010 11001100 00101100 00011110 10000110 01010100 11010010
decode: 01000101 01100001 01110100 00100000 01101101 01101111 01110010 01100101 00100000 01101111 01100110 00100000 01110100 01101000 01100101 01110011 01100101 00100000 01100110 01110010 01100101 01101110 01100011 01101000 00100000 01100010 01110101 01101110 01110011 00100001
hex view: 45 61 74 20 6D 6F 72 65 20 6F 66 20 74 68 65 73 65 20 66 72 65 6E 63 68 20 62 75 6E 73 21
text view: Eat more of these french buns!
?[1;31m
Start test 4?[0m
Write a mode: > encode

send.txt:
text view: $ome rand0m messAge
hex view: 24 6F 6D 65 20 72 61 6E 64 30 6D 20 6D 65 73 73 41 67 65
bin view: 00100100 01101111 01101101 01100101 00100000 01110010 01100001 01101110 01100100 00110000 01101101 00100000 01101101 01100101 01110011 01110011 01000001 01100111 01100101

encoded.txt:
expand: ..0.010. ..0.100. ..0.110. ..1.111. ..0.110. ..1.101. ..0.110. ..0.101. ..0.010. ..0.000. ..0.111. ..0.010. ..0.110. ..0.001. ..0.110. ..1.110. ..0.110. ..0.100. ..0.011. ..0.000. ..0.110. ..1.101. ..0.010. ..0.000. ..0.110. ..1.101. ..0.110. ..0.101. ..0.111. ..0.011. ..0.111. ..0.011. ..0.100. ..0.001. ..0.110. ..0.111. ..0.110. ..0.101.
parity: 01010100 10011000 11001100 11111110 11001100 10101010 11001100 01001010 01010100 00000000 00011110 01010100 11001100 11010010 11001100 00101100 11001100 10011000 10000110 00000000 11001100 10101010 01010100 00000000 11001100 10101010 11001100 01001010 00011110 10000110 00011110 10000110 10011000 11010010 11001100 00011110 11001100 01001010
hex view: 54 98 CC FE CC AA CC 4A 54 00 1E 54 CC D2 CC 2C CC 98 86 00 CC AA 54 00 CC AA CC 4A 1E 86 1E 86 98 D2 CC 1E CC 4A
?[1;31m
Start test 5?[0m
Write a mode: > send

encoded.txt:
hex view: 54 98 CC FE CC AA CC 4A 54 00 1E 54 CC D2 CC 2C CC 98 86 00 CC AA 54 00 CC AA CC 4A 1E 86 1E 86 98 D2 CC 1E CC 4A
bin view: 01010100 10011000 11001100 11111110 11001100 10101010 11001100 01001010 01010100 00000000 00011110 01010100 11001100 11010010 11001100 00101100 11001100 10011000 10000110 00000000 11001100 10101010 01010100 00000000 11001100 10101010 11001100 01001010 00011110 10000110 00011110 10000110 10011000 11010010 11001100 00011110 11001100 01001010

received.txt:
bin view: 01000100 10011001 11001101 11011110 11000100 10101000 01001100 11001010 01010110 01000000 00010110 00010100 11001101 11010011 11001110 00101101 10001100 10111000 10000010 10000000 11001101 00101010 11010100 00000010 11011100 00101010 11011100 11001010 00010110 10001110 00010110 10000100 11011000 11000010 11001110 00011111 11001110 01101010
hex view: 44 99 CD DE C4 A8 4C CA 56 40 16 14 CD D3 CE 2D 8C B8 82 80 CD 2A D4 02 DC 2A DC CA 16 8E 16 84 D8 C2 CE 1F CE 6A
?[1;31m
Start test 6?[0m
Write a mode: > decode

received.txt:
hex view: 44 99 CD DE C4 A8 4C CA 56 40 16 14 CD D3 CE 2D 8C B8 82 80 CD 2A D4 02 DC 2A DC CA 16 8E 16 84 D8 C2 CE 1F CE 6A
bin view: 01000100 10011001 11001101 11011110 11000100 10101000 01001100 11001010 01010110 01000000 00010110 00010100 11001101 11010011 11001110 00101101 10001100 10111000 10000010 10000000 11001101 00101010 11010100 00000010 11011100 00101010 11011100 11001010 00010110 10001110 00010110 10000100 11011000 11000010 11001110 00011111 11001110 01101010

decoded.txt:
correct: 01010100 10011000 11001100 11111110 11001100 10101010 11001100 01001010 01010100 00000000 00011110 01010100 11001100 11010010 11001100 00101100 11001100 10011000 10000110 00000000 11001100 10101010 01010100 00000000 11001100 10101010 11001100 01001010 00011110 10000110 00011110 10000110 10011000 11010010 11001100 00011110 11001100 01001010
decode: 00100100 01101111 01101101 01100101 00100000 01110010 01100001 01101110 01100100 00110000 01101101 00100000 01101101 01100101 01110011 01110011 01000001 01100111 01100101
hex view: 24 6F 6D 65 20 72 61 6E 64 30 6D 20 6D 65 73 73 41 67 65
text view: $ome rand0m messAge
?[1;31m
Start test 7?[0m
Write a mode: > encode

send.txt:
text view: better call Saul 555-00-73!
hex view: 62 65 74 74 65 72 20 63 61 6C 6C 20 53 61 75 6C 20 35 35 35 2D 30 30 2D 37 33 21
bin view: 01100010 01100101 01110100 01110100 01100101 01110010 00100000 01100011 01100001 01101100 01101100 00100000 01010011 01100001 01110101 01101100 00100000 00110101 00110101 00110101 00101101 00110000 00110000 00101101 00110111 00110011 00100001

encoded.txt:
expand: ..0.110. ..0.010. ..0.110. ..0.101. ..0.111. ..0.100. ..0.111. ..0.100. ..0.110. ..0.101. ..0.111. ..0.010. ..0.010. ..0.000. ..0.110. ..0.011. ..0.110. ..0.001. ..0.110. ..1.100. ..0.110. ..1.100. ..0.010. ..0.000. ..0.101. ..0.011. ..0.110. ..0.001. ..0.111. ..0.101. ..0.110. ..1.100. ..0.010. ..0.000. ..0.011. ..0.101. ..0.011. ..0.101. ..0.011. ..0.101. ..0.010. ..1.101. ..0.011. ..0.000. ..0.011. ..0.000. ..0.010. ..1.101. ..0.011. ..0.111. ..0.011. ..0.011. ..0.010. ..0.001.
parity: 11001100 01010100 11001100 01001010 00011110 10011000 00011110 10011000 11001100 01001010 00011110 01010100 01010100 00000000 11001100 10000110 11001100 11010010 11001100 01111000 11001100 01111000 01010100 00000000 01001010 10000110 11001100 11010010 00011110 01001010 11001100 01111000 01010100 00000000 10000110 01001010 10000110 01001010 10000110 01001010 01010100 10101010 10000110 00000000 10000110 00000000 01010100 10101010 10000110 00011110 10000110 10000110 01010100 11010010
hex view: CC 54 CC 4A 1E 98 1E 98 CC 4A 1E 54 54 00 CC 86 CC D2 CC 78 CC 78 54 00 4A 86 CC D2 1E 4A CC 78 54 00 86 4A 86 4A 86 4A 54 AA 86 00 86 00 54 AA 86 1E 86 86 54 D2
?[1;31m
Start test 8?[0m
Write a mode: > send

encoded.txt:
hex view: CC 54 CC 4A 1E 98 1E 98 CC 4A 1E 54 54 00 CC 86 CC D2 CC 78 CC 78 54 00 4A 86 CC D2 1E 4A CC 78 54 00 86 4A 86 4A 86 4A 54 AA 86 00 86 00 54 AA 86 1E 86 86 54 D2
bin view: 11001100 01010100 11001100 01001010 00011110 10011000 00011110 10011000 11001100 01001010 00011110 01010100 01010100 00000000 11001100 10000110 11001100 11010010 11001100 01111000 11001100 01111000 01010100 00000000 01001010 10000110 11001100 11010010 00011110 01001010 11001100 01111000 01010100 00000000 10000110 01001010 10000110 01001010 10000110 01001010 01010100 10101010 10000110 00000000 10000110 00000000 01010100 10101010 10000110 00011110 10000110 10000110 01010100 11010010

received.txt:
bin view: 10001100 11010100 11101100 11001010 00011100 00011000 00001110 11011000 10001100 11001010 00011100 01110100 01011100 00000010 11001101 10001110 11001101 10010010 11001101 01111100 11000100 01110000 01010101 01000000 00001010 10000100 11011100 11000010 00001110 01001000 11101100 01111010 01000100 00000100 11000110 00001010 10001110 01101010 10000010 00001010 11010100 10001010 11000110 00100000 10000010 10000000 01010101 10101000 10100110 00011111 10001110 00000110 01010110 11110010
hex view: 8C D4 EC CA 1C 18 0E D8 8C CA 1C 74 5C 02 CD 8E CD 92 CD 7C C4 70 55 40 0A 84 DC C2 0E 48 EC 7A 44 04 C6 0A 8E 6A 82 0A D4 8A C6 20 82 80 55 A8 A6 1F 8E 06 56 F2
?[1;31m
Start test 9?[0m
Write a mode: > decode

received.txt:
hex view: 8C D4 EC CA 1C 18 0E D8 8C CA 1C 74 5C 02 CD 8E CD 92 CD 7C C4 70 55 40 0A 84 DC C2 0E 48 EC 7A 44 04 C6 0A 8E 6A 82 0A D4 8A C6 20 82 80 55 A8 A6 1F 8E 06 56 F2
bin view: 10001100 11010100 11101100 11001010 00011100 00011000 00001110 11011000 10001100 11001010 00011100 01110100 01011100 00000010 11001101 10001110 11001101 10010010 11001101 01111100 11000100 01110000 01010101 01000000 00001010 10000100 11011100 11000010 00001110 01001000 11101100 01111010 01000100 00000100 11000110 00001010 10001110 01101010 10000010 00001010 11010100 10001010 11000110 00100000 10000010 10000000 01010101 10101000 10100110 00011111 10001110 00000110 01010110 11110010

decoded.txt:
correct: 11001100 01010100 11001100 01001010 00011110 10011000 00011110 10011000 11001100 01001010 00011110 01010100 01010100 00000000 11001100 10000110 11001100 11010010 11001100 01111000 11001100 01111000 01010100 00000000 01001010 10000110 11001100 11010010 00011110 01001010 11001100 01111000 01010100 00000000 10000110 01001010 10000110 01001010 10000110 01001010 01010100 10101010 10000110 00000000 10000110 00000000 01010100 10101010 10000110 00011110 10000110 10000110 01010100 11010010
decode: 01100010 01100101 01110100 01110100 01100101 01110010 00100000 01100011 01100001 01101100 01101100 00100000 01010011 01100001 01110101 01101100 00100000 00110101 00110101 00110101 00101101 00110000 00110000 00101101 00110111 00110011 00100001
hex view: 62 65 74 74 65 72 20 63 61 6C 6C 20 53 61 75 6C 20 35 35 35 2D 30 30 2D 37 33 21
text view: better call Saul 555-00-73!
?[1;31m
Start test 10?[0m
Write a mode: > encode

send.txt:
text view: 5548172 6548 225147 23656595 5155
hex view: 35 35 34 38 31 37 32 20 36 35 34 38 20 32 32 35 31 34 37 20 32 33 36 35 36 35 39 35 20 35 31 35 35
bin view: 00110101 00110101 00110100 00111000 00110001 00110111 00110010 00100000 00110110 00110101 00110100 00111000 00100000 00110010 00110010 00110101 00110001 00110100 00110111 00100000 00110010 00110011 00110110 00110101 00110110 00110101 00111001 00110101 00100000 00110101 00110001 00110101 00110101

encoded.txt:
expand: ..0.011. ..0.101. ..0.011. ..0.101. ..0.011. ..0.100. ..0.011. ..1.000. ..0.011. ..0.001. ..0.011. ..0.111. ..0.011. ..0.010. ..0.010. ..0.000. ..0.011. ..0.110. ..0.011. ..0.101. ..0.011. ..0.100. ..0.011. ..1.000. ..0.010. ..0.000. ..0.011. ..0.010. ..0.011. ..0.010. ..0.011. ..0.101. ..0.011. ..0.001. ..0.011. ..0.100. ..0.011. ..0.111. ..0.010. ..0.000. ..0.011. ..0.010. ..0.011. ..0.011. ..0.011. ..0.110. ..0.011. ..0.101. ..0.011. ..0.110. ..0.011. ..0.101. ..0.011. ..1.001. ..0.011. ..0.101. ..0.010. ..0.000. ..0.011. ..0.101. ..0.011. ..0.001. ..0.011. ..0.101. ..0.011. ..0.101.
parity: 10000110 01001010 10000110 01001010 10000110 10011000 10000110 11100000 10000110 11010010 10000110 00011110 10000110 01010100 01010100 00000000 10000110 11001100 10000110 01001010 10000110 10011000 10000110 11100000 01010100 00000000 10000110 01010100 10000110 01010100 10000110 01001010 10000110 11010010 10000110 10011000 10000110 00011110 01010100 00000000 10000110 01010100 10000110 10000110 10000110 11001100 10000110 01001010 10000110 11001100 10000110 01001010 10000110 00110010 10000110 01001010 01010100 00000000 10000110 01001010 10000110 11010010 10000110 01001010 10000110 01001010
hex view: 86 4A 86 4A 86 98 86 E0 86 D2 86 1E 86 54 54 00 86 CC 86 4A 86 98 86 E0 54 00 86 54 86 54 86 4A 86 D2 86 98 86 1E 54 00 86 54 86 86 86 CC 86 4A 86 CC 86 4A 86 32 86 4A 54 00 86 4A 86 D2 86 4A 86 4A
?[1;31m
Start test 11?[0m
Write a mode: > send

encoded.txt:
hex view: 86 4A 86 4A 86 98 86 E0 86 D2 86 1E 86 54 54 00 86 CC 86 4A 86 98 86 E0 54 00 86 54 86 54 86 4A 86 D2 86 98 86 1E 54 00 86 54 86 86 86 CC 86 4A 86 CC 86 4A 86 32 86 4A 54 00 86 4A 86 D2 86 4A 86 4A
bin view: 10000110 01001010 10000110 01001010 10000110 10011000 10000110 11100000 10000110 11010010 10000110 00011110 10000110 01010100 01010100 00000000 10000110 11001100 10000110 01001010 10000110 10011000 10000110 11100000 01010100 00000000 10000110 01010100 10000110 01010100 10000110 01001010 10000110 11010010 10000110 10011000 10000110 00011110 01010100 00000000 10000110 01010100 10000110 10000110 10000110 11001100 10000110 01001010 10000110 11001100 10000110 01001010 10000110 00110010 10000110 01001010 01010100 00000000 10000110 01001010 10000110 11010010 10000110 01001010 10000110 01001010

received.txt:
bin view: 11000110 01000010 10001110 01001011 10100110 10011001 10010110 01100000 11000110 11011010 10000100 01011110 10000100 01010000 01011100 00000001 11000110 11001110 10000100 00001010 11000110 10011001 11000110 01100000 01011100 10000000 10001110 01010110 11000110 11010100 10010110 01001011 10000111 10010010 10000111 10001000 10001110 00010110 11010100 00010000 10000111 01010000 10001110 00000110 00000110 11000100 10000010 01001110 10001110 11101100 10010110 01101010 00000110 00111010 10010110 01101010 00010100 00000001 11000110 11001010 10000010 11010011 10000111 11001010 10001110 01001110
hex view: C6 42 8E 4B A6 99 96 60 C6 DA 84 5E 84 50 5C 01 C6 CE 84 0A C6 99 C6 60 5C 80 8E 56 C6 D4 96 4B 87 92 87 88 8E 16 D4 10 87 50 8E 06 06 C4 82 4E 8E EC 96 6A 06 3A 96 6A 14 01 C6 CA 82 D3 87 CA 8E 4E
?[1;31m
Start test 12?[0m
Write a mode: > decode

received.txt:
hex view: C6 42 8E 4B A6 99 96 60 C6 DA 84 5E 84 50 5C 01 C6 CE 84 0A C6 99 C6 60 5C 80 8E 56 C6 D4 96 4B 87 92 87 88 8E 16 D4 10 87 50 8E 06 06 C4 82 4E 8E EC 96 6A 06 3A 96 6A 14 01 C6 CA 82 D3 87 CA 8E 4E
bin view: 11000110 01000010 10001110 01001011 10100110 10011001 10010110 01100000 11000110 11011010 10000100 01011110 10000100 01010000 01011100 00000001 11000110 11001110 10000100 00001010 11000110 10011001 11000110 01100000 01011100 10000000 10001110 01010110 11000110 11010100 10010110 01001011 10000111 10010010 10000111 10001000 10001110 00010110 11010100 00010000 10000111 01010000 10001110 00000110 00000110 11000100 10000010 01001110 10001110 11101100 10010110 01101010 00000110 00111010 10010110 01101010 00010100 00000001 11000110 11001010 10000010 11010011 10000111 11001010 10001110 01001110

decoded.txt:
correct: 10000110 01001010 10000110 01001010 10000110 10011000 10000110 11100000 10000110 11010010 10000110 00011110 10000110 01010100 01010100 00000000 10000110 11001100 10000110 01001010 10000110 10011000 10000110 11100000 01010100 00000000 10000110 01010100 10000110 01010100 10000110 01001010 10000110 11010010 10000110 10011000 10000110 00011110 01010100 00000000 10000110 01010100 10000110 10000110 10000110 11001100 10000110 01001010 10000110 11001100 10000110 01001010 10000110 00110010 10000110 01001010 01010100 00000000 10000110 01001010 10000110 11010010 10000110 01001010 10000110 01001010
decode: 00110101 00110101 00110100 00111000 00110001 00110111 00110010 00100000 00110110 00110101 00110100 00111000 00100000 00110010 00110010 00110101 00110001 00110100 00110111 00100000 00110010 00110011 00110110 00110101 00110110 00110101 00111001 00110101 00100000 00110101 00110001 00110101 00110101
hex view: 35 35 34 38 31 37 32 20 36 35 34 38 20 32 32 35 31 34 37 20 32 33 36 35 36 35 39 35 20 35 31 35 35
text view: 5548172 6548 225147 23656595 5155
]]></system-out>
  <system-err><![CDATA[]]></system-err>
</testsuite>
